#
# A fatal error has been detected by the Java Runtime Environment:
#
#  EXCEPTION_ACCESS_VIOLATION (0xc0000005) at pc=0x000000000348f907, pid=9136, tid=6936
#
# JRE version: Java(TM) SE Runtime Environment (7.0_79-b15) (build 1.7.0_79-b15)
# Java VM: Java HotSpot(TM) 64-Bit Server VM (24.79-b02 mixed mode windows-amd64 compressed oops)
# Problematic frame:
# J 2679 C2 com.sun.tools.javac.util.Convert.utf2chars([BI[CII)I (135 bytes) @ 0x000000000348f907 [0x000000000348f7a0+0x167]
#
# Failed to write core dump. Minidumps are not enabled by default on client versions of Windows
#
# If you would like to submit a bug report, please visit:
#   http://bugreport.java.com/bugreport/crash.jsp
#

---------------  T H R E A D  ---------------

Current thread (0x000000000d80c000):  JavaThread "Daemon worker Thread 18" [_thread_in_Java, id=6936, stack(0x000000000cdb0000,0x000000000ceb0000)]

siginfo: ExceptionCode=0xc0000005, writing address 0x0000000000100000

Registers:
RAX=0x0000000000100000, RBX=0x0000000000000073, RCX=0x0000000000083f2d, RDX=0x0000000000000020
RSP=0x000000000ceacb10, RBP=0x0000000000083f0d, RSI=0x0000000000083f2c, RDI=0x0000000000000020
R8 =0x0000000000083f2b, R9 =0x0000000000083f2c, R10=0x00000000f8ba5ff8, R11=0x0000000000083f2c
R12=0x0000000000000000, R13=0x0000000000000073, R14=0x00000000f8a62530, R15=0x000000000d80c000
RIP=0x000000000348f907, EFLAGS=0x0000000000010246

Top of Stack: (sp=0x000000000ceacb10)
0x000000000ceacb10:   00000000f3e6a9d0 00000000f3e6a0c8
0x000000000ceacb20:   00000000f8ba5ff8 00000000f8ba5e18
0x000000000ceacb30:   0000000003cbbc3c 0000000062d849ba
0x000000000ceacb40:   0000000000000000 000000000d80c000
0x000000000ceacb50:   00000000f8a62530 000000000352a5a4
0x000000000ceacb60:   00006fc7c0f044ef 0000000062c16dc3
0x000000000ceacb70:   00000000c344fcb0 0000000002c5f9dc
0x000000000ceacb80:   00000000f8ba5ff8 0000000000083f0c
0x000000000ceacb90:   0000000000000000 0000000003348b28
0x000000000ceacba0:   0000000000000020 00000000f3e7b1c0
0x000000000ceacbb0:   000000000ceacc30 0000000002c060f8
0x000000000ceacbc0:   00006fc7c0f0448f 0000000002c060f8
0x000000000ceacbd0:   000000000ceacc30 0000000002c062d3
0x000000000ceacbe0:   0000000002c062d3 00000000f8ba3908
0x000000000ceacbf0:   000000000ceacbf0 00000000b4719587
0x000000000ceacc00:   000000000ceacca0 00000000b472ac68 

Instructions: (pc=0x000000000348f907)
0x000000000348f8e7:   00 00 00 41 81 fd c0 00 00 00 0f 8d 2a 01 00 00
0x000000000348f8f7:   3b fa 7c a5 3b fa 7c 20 45 8b d9 e9 aa 01 00 00
0x000000000348f907:   8b c7 48 83 c4 40 5d 85 05 ec 06 c9 fd c3 8b c7
0x000000000348f917:   eb f0 66 66 90 45 8b cb 3b fa 0f 83 96 00 00 00 


Register to memory mapping:

RAX=0x0000000000100000 is an unknown value
RBX=0x0000000000000073 is an unknown value
RCX=0x0000000000083f2d is an unknown value
RDX=0x0000000000000020 is an unknown value
RSP=0x000000000ceacb10 is pointing into the stack for thread: 0x000000000d80c000
RBP=0x0000000000083f0d is an unknown value
RSI=0x0000000000083f2c is an unknown value
RDI=0x0000000000000020 is an unknown value
R8 =0x0000000000083f2b is an unknown value
R9 =0x0000000000083f2c is an unknown value
R10=0x00000000f8ba5ff8 is an oop
[C 
 - klass: {type array char}
 - length: 32
R11=0x0000000000083f2c is an unknown value
R12=0x0000000000000000 is an unknown value
R13=0x0000000000000073 is an unknown value
R14=0x00000000f8a62530 is an oop
[B 
 - klass: {type array byte}
 - length: 1048576
R15=0x000000000d80c000 is a thread


Stack: [0x000000000cdb0000,0x000000000ceb0000],  sp=0x000000000ceacb10,  free space=1010k
Native frames: (J=compiled Java code, j=interpreted, Vv=VM code, C=native code)
J 2679 C2 com.sun.tools.javac.util.Convert.utf2chars([BI[CII)I (135 bytes) @ 0x000000000348f907 [0x000000000348f7a0+0x167]
J 2887 C2 com.sun.tools.javac.util.Name.toString()Ljava/lang/String; (16 bytes) @ 0x000000000352a5a4 [0x000000000352a4c0+0xe4]
j  com.sun.tools.javac.jvm.ClassReader.fillIn(Lcom/sun/tools/javac/code/Symbol$PackageSymbol;)V+23
J 5117 C2 com.sun.tools.javac.jvm.ClassReader.complete(Lcom/sun/tools/javac/code/Symbol;)V (135 bytes) @ 0x0000000003cbb8b8 [0x0000000003cbb860+0x58]
J 2755 C2 com.sun.tools.javac.code.Symbol$PackageSymbol.flags()J (16 bytes) @ 0x00000000034a1b74 [0x00000000034a1b20+0x54]
J 4344 C2 com.sun.tools.javac.comp.Attr.visitSelect(Lcom/sun/tools/javac/tree/JCTree$JCFieldAccess;)V (1091 bytes) @ 0x0000000003a2b7a0 [0x0000000003a2b340+0x460]
J 2780 C2 com.sun.tools.javac.tree.JCTree$JCFieldAccess.accept(Lcom/sun/tools/javac/tree/JCTree$Visitor;)V (6 bytes) @ 0x00000000034c841c [0x00000000034c83e0+0x3c]
J 3019 C2 com.sun.tools.javac.comp.MemberEnter.visitImport(Lcom/sun/tools/javac/tree/JCTree$JCImport;)V (194 bytes) @ 0x00000000035b787c [0x00000000035b7700+0x17c]
J 2928 C2 com.sun.tools.javac.tree.JCTree$JCImport.accept(Lcom/sun/tools/javac/tree/JCTree$Visitor;)V (6 bytes) @ 0x000000000354e9d4 [0x000000000354e9a0+0x34]
J 3759 C2 com.sun.tools.javac.comp.MemberEnter.visitTopLevel(Lcom/sun/tools/javac/tree/JCTree$JCCompilationUnit;)V (147 bytes) @ 0x00000000038240a8 [0x0000000003823d60+0x348]
J 3043 C2 com.sun.tools.javac.comp.MemberEnter.complete(Lcom/sun/tools/javac/code/Symbol;)V (1327 bytes) @ 0x00000000035d43d8 [0x00000000035d4020+0x3b8]
J 4150 C2 com.sun.tools.javac.comp.Enter.complete(Lcom/sun/tools/javac/util/List;Lcom/sun/tools/javac/code/Symbol$ClassSymbol;)V (222 bytes) @ 0x000000000391b7fc [0x000000000391b680+0x17c]
j  com.sun.tools.javac.comp.Enter.main(Lcom/sun/tools/javac/util/List;)V+3
J 4976 C2 com.sun.tools.javac.main.JavaCompiler.enterTrees(Lcom/sun/tools/javac/util/List;)Lcom/sun/tools/javac/util/List; (270 bytes) @ 0x0000000003bcaa54 [0x0000000003bca980+0xd4]
j  com.sun.tools.javac.main.JavaCompiler.compile(Lcom/sun/tools/javac/util/List;Lcom/sun/tools/javac/util/List;Ljava/lang/Iterable;)V+145
j  com.sun.tools.javac.main.Main.compile([Ljava/lang/String;[Ljava/lang/String;Lcom/sun/tools/javac/util/Context;Lcom/sun/tools/javac/util/List;Ljava/lang/Iterable;)I+761
j  com.sun.tools.javac.api.JavacTaskImpl.call()Ljava/lang/Boolean;+59
j  org.gradle.api.internal.tasks.compile.JdkJavaCompiler.execute(Lorg/gradle/api/internal/tasks/compile/JavaCompileSpec;)Lorg/gradle/api/tasks/WorkResult;+17
j  org.gradle.api.internal.tasks.compile.JdkJavaCompiler.execute(Lorg/gradle/language/base/internal/compile/CompileSpec;)Lorg/gradle/api/tasks/WorkResult;+5
j  org.gradle.api.internal.tasks.compile.NormalizingJavaCompiler.delegateAndHandleErrors(Lorg/gradle/api/internal/tasks/compile/JavaCompileSpec;)Lorg/gradle/api/tasks/WorkResult;+5
j  org.gradle.api.internal.tasks.compile.NormalizingJavaCompiler.execute(Lorg/gradle/api/internal/tasks/compile/JavaCompileSpec;)Lorg/gradle/api/tasks/WorkResult;+27
j  org.gradle.api.internal.tasks.compile.NormalizingJavaCompiler.execute(Lorg/gradle/language/base/internal/compile/CompileSpec;)Lorg/gradle/api/tasks/WorkResult;+5
j  org.gradle.api.internal.tasks.compile.CleaningJavaCompilerSupport.execute(Lorg/gradle/api/internal/tasks/compile/JavaCompileSpec;)Lorg/gradle/api/tasks/WorkResult;+37
j  org.gradle.api.internal.tasks.compile.CleaningJavaCompilerSupport.execute(Lorg/gradle/language/base/internal/compile/CompileSpec;)Lorg/gradle/api/tasks/WorkResult;+5
j  org.gradle.api.tasks.compile.JavaCompile.performCompilation(Lorg/gradle/api/internal/tasks/compile/JavaCompileSpec;Lorg/gradle/language/base/internal/compile/Compiler;)V+2
j  org.gradle.api.tasks.compile.JavaCompile.compile()V+12
j  org.gradle.api.tasks.compile.JavaCompile.compile(Lorg/gradle/api/tasks/incremental/IncrementalTaskInputs;)V+11
j  sun.reflect.GeneratedMethodAccessor794.invoke(Ljava/lang/Object;[Ljava/lang/Object;)Ljava/lang/Object;+40
J 1000 C2 java.lang.reflect.Method.invoke(Ljava/lang/Object;[Ljava/lang/Object;)Ljava/lang/Object; (63 bytes) @ 0x0000000002f935bc [0x0000000002f93540+0x7c]
j  org.gradle.internal.reflect.JavaMethod.invoke(Ljava/lang/Object;[Ljava/lang/Object;)Ljava/lang/Object;+6
j  org.gradle.api.internal.project.taskfactory.AnnotationProcessingTaskFactory$IncrementalTaskAction.doExecute(Lorg/gradle/api/Task;Ljava/lang/String;)V+35
j  org.gradle.api.internal.project.taskfactory.AnnotationProcessingTaskFactory$StandardTaskAction.execute(Lorg/gradle/api/Task;)V+32
j  org.gradle.api.internal.project.taskfactory.AnnotationProcessingTaskFactory$IncrementalTaskAction.execute(Lorg/gradle/api/Task;)V+2
j  org.gradle.api.internal.project.taskfactory.AnnotationProcessingTaskFactory$StandardTaskAction.execute(Ljava/lang/Object;)V+5
j  org.gradle.api.internal.tasks.execution.ExecuteActionsTaskExecuter.executeAction(Lorg/gradle/api/internal/TaskInternal;Lorg/gradle/api/internal/tasks/ContextAwareTaskAction;Lorg/gradle/api/internal/tasks/TaskExecutionContext;)V+9
j  org.gradle.api.internal.tasks.execution.ExecuteActionsTaskExecuter.executeActions(Lorg/gradle/api/internal/TaskInternal;Lorg/gradle/api/internal/tasks/TaskStateInternal;Lorg/gradle/api/internal/tasks/TaskExecutionContext;)Lorg/gradle/api/GradleException;+79
j  org.gradle.api.internal.tasks.execution.ExecuteActionsTaskExecuter.execute(Lorg/gradle/api/internal/TaskInternal;Lorg/gradle/api/internal/tasks/TaskStateInternal;Lorg/gradle/api/internal/tasks/TaskExecutionContext;)V+19
j  org.gradle.api.internal.tasks.execution.PostExecutionAnalysisTaskExecuter.execute(Lorg/gradle/api/internal/TaskInternal;Lorg/gradle/api/internal/tasks/TaskStateInternal;Lorg/gradle/api/internal/tasks/TaskExecutionContext;)V+7
j  org.gradle.api.internal.tasks.execution.SkipUpToDateTaskExecuter.execute(Lorg/gradle/api/internal/TaskInternal;Lorg/gradle/api/internal/tasks/TaskStateInternal;Lorg/gradle/api/internal/tasks/TaskExecutionContext;)V+133
j  org.gradle.api.internal.tasks.execution.ValidatingTaskExecuter.execute(Lorg/gradle/api/internal/TaskInternal;Lorg/gradle/api/internal/tasks/TaskStateInternal;Lorg/gradle/api/internal/tasks/TaskExecutionContext;)V+215
j  org.gradle.api.internal.tasks.execution.SkipEmptySourceFilesTaskExecuter.execute(Lorg/gradle/api/internal/TaskInternal;Lorg/gradle/api/internal/tasks/TaskStateInternal;Lorg/gradle/api/internal/tasks/TaskExecutionContext;)V+56
j  org.gradle.api.internal.tasks.execution.SkipTaskWithNoActionsExecuter.execute(Lorg/gradle/api/internal/TaskInternal;Lorg/gradle/api/internal/tasks/TaskStateInternal;Lorg/gradle/api/internal/tasks/TaskExecutionContext;)V+110
j  org.gradle.api.internal.tasks.execution.SkipOnlyIfTaskExecuter.execute(Lorg/gradle/api/internal/TaskInternal;Lorg/gradle/api/internal/tasks/TaskStateInternal;Lorg/gradle/api/internal/tasks/TaskExecutionContext;)V+84
j  org.gradle.api.internal.tasks.execution.ExecuteAtMostOnceTaskExecuter.execute(Lorg/gradle/api/internal/TaskInternal;Lorg/gradle/api/internal/tasks/TaskStateInternal;Lorg/gradle/api/internal/tasks/TaskExecutionContext;)V+26
j  org.gradle.api.internal.AbstractTask.executeWithoutThrowingTaskFailure()V+16
j  org.gradle.execution.taskgraph.AbstractTaskPlanExecutor$TaskExecutorWorker.executeTask(Lorg/gradle/execution/taskgraph/TaskInfo;)V+38
j  org.gradle.execution.taskgraph.AbstractTaskPlanExecutor$TaskExecutorWorker.processTask(Lorg/gradle/execution/taskgraph/TaskInfo;)V+2
j  org.gradle.execution.taskgraph.AbstractTaskPlanExecutor$TaskExecutorWorker.run()V+56
j  org.gradle.execution.taskgraph.DefaultTaskPlanExecutor.process(Lorg/gradle/execution/taskgraph/TaskExecutionPlan;Lorg/gradle/api/execution/TaskExecutionListener;)V+6
j  org.gradle.execution.taskgraph.DefaultTaskGraphExecuter.execute()V+46
j  org.gradle.execution.SelectedTaskExecutionAction.execute(Lorg/gradle/execution/BuildExecutionContext;)V+41
j  org.gradle.execution.DefaultBuildExecuter.execute(I)V+36
j  org.gradle.execution.DefaultBuildExecuter.access$200(Lorg/gradle/execution/DefaultBuildExecuter;I)V+2
j  org.gradle.execution.DefaultBuildExecuter$2.proceed()V+10
j  org.gradle.execution.DryRunBuildExecutionAction.execute(Lorg/gradle/execution/BuildExecutionContext;)V+68
j  org.gradle.execution.DefaultBuildExecuter.execute(I)V+36
j  org.gradle.execution.DefaultBuildExecuter.execute()V+2
j  org.gradle.initialization.DefaultGradleLauncher.doBuildStages(Lorg/gradle/initialization/DefaultGradleLauncher$Stage;)V+184
j  org.gradle.initialization.DefaultGradleLauncher.doBuild(Lorg/gradle/initialization/DefaultGradleLauncher$Stage;)Lorg/gradle/BuildResult;+27
j  org.gradle.initialization.DefaultGradleLauncher.run()Lorg/gradle/BuildResult;+4
j  org.gradle.launcher.exec.InProcessBuildActionExecuter$DefaultBuildController.run()Lorg/gradle/api/internal/GradleInternal;+5
j  org.gradle.tooling.internal.provider.BuildModelAction.run(Lorg/gradle/initialization/BuildController;)Lorg/gradle/tooling/internal/provider/BuildActionResult;+15
j  org.gradle.tooling.internal.provider.BuildModelAction.run(Lorg/gradle/initialization/BuildController;)Ljava/lang/Object;+2
j  org.gradle.tooling.internal.provider.ConfiguringBuildAction.run(Lorg/gradle/initialization/BuildController;)Ljava/lang/Object;+15
j  org.gradle.launcher.exec.InProcessBuildActionExecuter.execute(Lorg/gradle/initialization/BuildAction;Lorg/gradle/initialization/BuildCancellationToken;Lorg/gradle/launcher/exec/BuildActionParameters;)Ljava/lang/Object;+19
j  org.gradle.launcher.exec.InProcessBuildActionExecuter.execute(Lorg/gradle/initialization/BuildAction;Lorg/gradle/initialization/BuildCancellationToken;Ljava/lang/Object;)Ljava/lang/Object;+7
j  org.gradle.launcher.daemon.server.exec.ExecuteBuild.doBuild(Lorg/gradle/launcher/daemon/server/exec/DaemonCommandExecution;Lorg/gradle/launcher/daemon/protocol/Build;)V+47
j  org.gradle.launcher.daemon.server.exec.BuildCommandOnly.execute(Lorg/gradle/launcher/daemon/server/exec/DaemonCommandExecution;)V+49
j  org.gradle.launcher.daemon.server.exec.DaemonCommandExecution.proceed()Z+28
j  org.gradle.launcher.daemon.server.exec.WatchForDisconnection.execute(Lorg/gradle/launcher/daemon/server/exec/DaemonCommandExecution;)V+19
j  org.gradle.launcher.daemon.server.exec.DaemonCommandExecution.proceed()Z+28
j  org.gradle.launcher.daemon.server.exec.ResetDeprecationLogger.execute(Lorg/gradle/launcher/daemon/server/exec/DaemonCommandExecution;)V+4
j  org.gradle.launcher.daemon.server.exec.DaemonCommandExecution.proceed()Z+28
j  org.gradle.launcher.daemon.server.exec.StartStopIfBuildAndStop.execute(Lorg/gradle/launcher/daemon/server/exec/DaemonCommandExecution;)V+34
j  org.gradle.launcher.daemon.server.exec.DaemonCommandExecution.proceed()Z+28
j  org.gradle.launcher.daemon.server.exec.ForwardClientInput$2.call()Ljava/lang/Void;+4
j  org.gradle.launcher.daemon.server.exec.ForwardClientInput$2.call()Ljava/lang/Object;+1
j  org.gradle.util.Swapper.swap(Ljava/lang/Object;Ljava/util/concurrent/Callable;)Ljava/lang/Object;+21
j  org.gradle.launcher.daemon.server.exec.ForwardClientInput.execute(Lorg/gradle/launcher/daemon/server/exec/DaemonCommandExecution;)V+63
j  org.gradle.launcher.daemon.server.exec.DaemonCommandExecution.proceed()Z+28
j  org.gradle.launcher.daemon.server.exec.LogToClient.doBuild(Lorg/gradle/launcher/daemon/server/exec/DaemonCommandExecution;Lorg/gradle/launcher/daemon/protocol/Build;)V+92
j  org.gradle.launcher.daemon.server.exec.BuildCommandOnly.execute(Lorg/gradle/launcher/daemon/server/exec/DaemonCommandExecution;)V+49
j  org.gradle.launcher.daemon.server.exec.DaemonCommandExecution.proceed()Z+28
j  org.gradle.launcher.daemon.server.exec.EstablishBuildEnvironment.doBuild(Lorg/gradle/launcher/daemon/server/exec/DaemonCommandExecution;Lorg/gradle/launcher/daemon/protocol/Build;)V+237
j  org.gradle.launcher.daemon.server.exec.BuildCommandOnly.execute(Lorg/gradle/launcher/daemon/server/exec/DaemonCommandExecution;)V+49
j  org.gradle.launcher.daemon.server.exec.DaemonCommandExecution.proceed()Z+28
j  org.gradle.launcher.daemon.server.exec.DaemonHygieneAction.execute(Lorg/gradle/launcher/daemon/server/exec/DaemonCommandExecution;)V+1
j  org.gradle.launcher.daemon.server.exec.DaemonCommandExecution.proceed()Z+28
j  org.gradle.launcher.daemon.server.exec.StartBuildOrRespondWithBusy$1.run()V+44
j  org.gradle.launcher.daemon.server.DaemonStateCoordinator$1.run()V+4
j  org.gradle.internal.concurrent.DefaultExecutorFactory$StoppableExecutorImpl$1.run()V+18
j  java.util.concurrent.ThreadPoolExecutor.runWorker(Ljava/util/concurrent/ThreadPoolExecutor$Worker;)V+95
j  java.util.concurrent.ThreadPoolExecutor$Worker.run()V+5
j  java.lang.Thread.run()V+11
v  ~StubRoutines::call_stub
V  [jvm.dll+0x1cf7f3]


---------------  P R O C E S S  ---------------

Java Threads: ( => current thread )
  0x000000000d809000 JavaThread "Stdin handler" [_thread_blocked, id=6720, stack(0x000000000ceb0000,0x000000000cfb0000)]
=>0x000000000d80c000 JavaThread "Daemon worker Thread 18" [_thread_in_Java, id=6936, stack(0x000000000cdb0000,0x000000000ceb0000)]
  0x000000000d808000 JavaThread "Cancel handler" [_thread_blocked, id=6600, stack(0x000000000ccb0000,0x000000000cdb0000)]
  0x000000000d807800 JavaThread "Handler for socket connection from /127.0.0.1:52156 to /127.0.0.1:60363" [_thread_in_native, id=3320, stack(0x000000000cbb0000,0x000000000ccb0000)]
  0x000000000d80a800 JavaThread "Daemon Thread 18" [_thread_blocked, id=4212, stack(0x000000000cab0000,0x000000000cbb0000)]
  0x000000000d80b000 JavaThread "Build Event Notification" [_thread_in_native, id=9580, stack(0x000000000e080000,0x000000000e180000)]
  0x000000000b407000 JavaThread "File lock request listener" [_thread_in_native, id=5716, stack(0x000000000cfb0000,0x000000000d0b0000)]
  0x000000000af6e800 JavaThread "Incoming local TCP Connector on port 52156" [_thread_in_native, id=5212, stack(0x000000000c910000,0x000000000ca10000)]
  0x0000000009004800 JavaThread "Service Thread" daemon [_thread_blocked, id=4400, stack(0x000000000a770000,0x000000000a870000)]
  0x0000000008ffe800 JavaThread "C2 CompilerThread1" daemon [_thread_blocked, id=5124, stack(0x000000000a670000,0x000000000a770000)]
  0x0000000008ffb800 JavaThread "C2 CompilerThread0" daemon [_thread_blocked, id=4856, stack(0x000000000a570000,0x000000000a670000)]
  0x0000000008ffa800 JavaThread "Attach Listener" daemon [_thread_blocked, id=10020, stack(0x000000000a470000,0x000000000a570000)]
  0x0000000008ff7800 JavaThread "Signal Dispatcher" daemon [_thread_blocked, id=5072, stack(0x000000000a370000,0x000000000a470000)]
  0x0000000008fbf000 JavaThread "Finalizer" daemon [_thread_blocked, id=9048, stack(0x000000000a270000,0x000000000a370000)]
  0x0000000008fb6000 JavaThread "Reference Handler" daemon [_thread_blocked, id=4648, stack(0x000000000a170000,0x000000000a270000)]
  0x0000000002b00800 JavaThread "main" [_thread_blocked, id=9328, stack(0x0000000002950000,0x0000000002a50000)]

Other Threads:
  0x0000000008fb1000 VMThread [stack: 0x000000000a070000,0x000000000a170000] [id=8868]
  0x0000000009013000 WatcherThread [stack: 0x000000000a870000,0x000000000a970000] [id=7696]

VM state:not at safepoint (normal execution)

VM Mutex/Monitor currently owned by a thread: None

Heap
 PSYoungGen      total 284672K, used 257910K [0x00000000eaa80000, 0x00000000ff980000, 0x0000000100000000)
  eden space 233472K, 99% used [0x00000000eaa80000,0x00000000f8e59200,0x00000000f8e80000)
  from space 51200K, 48% used [0x00000000fc780000,0x00000000fdf846d0,0x00000000ff980000)
  to   space 54784K, 0% used [0x00000000f8e80000,0x00000000f8e80000,0x00000000fc400000)
 ParOldGen       total 372224K, used 119563K [0x00000000c0000000, 0x00000000d6b80000, 0x00000000eaa80000)
  object space 372224K, 32% used [0x00000000c0000000,0x00000000c74c2db8,0x00000000d6b80000)
 PSPermGen       total 183808K, used 173236K [0x00000000b0000000, 0x00000000bb380000, 0x00000000c0000000)
  object space 183808K, 94% used [0x00000000b0000000,0x00000000ba92d158,0x00000000bb380000)

Card table byte_map: [0x0000000005c00000,0x0000000005e90000] byte_map_base: 0x0000000005680000

Polling page: 0x0000000001120000

Code Cache  [0x0000000002c00000, 0x0000000003e60000, 0x0000000005c00000)
 total_blobs=5443 nmethods=4759 adapters=634 free_code_cache=31081Kb largest_free_block=31096192

Compilation events (10 events):
Event: 18470.473 Thread 0x0000000008ffb800 6273             com.google.common.collect.StandardTable::put (28 bytes)
Event: 18470.473 Thread 0x0000000008ffe800 6272             com.google.common.collect.HashBasedTable::put (8 bytes)
Event: 18470.481 Thread 0x0000000008ffe800 nmethod 6272 0x000000000386fe50 code [0x0000000003870000, 0x00000000038704d0]
Event: 18470.481 Thread 0x0000000008ffb800 nmethod 6273 0x000000000394e650 code [0x000000000394e800, 0x000000000394ecd0]
Event: 18470.481 Thread 0x0000000008ffb800 6274             com.google.common.collect.StandardTable::getOrCreate (45 bytes)
Event: 18470.489 Thread 0x0000000008ffb800 nmethod 6274 0x0000000003b89490 code [0x0000000003b89640, 0x0000000003b899f0]
Event: 18470.537 Thread 0x0000000008ffe800 6275   !         com.google.common.collect.Maps::safeGet (19 bytes)
Event: 18470.538 Thread 0x0000000008ffe800 nmethod 6275 0x0000000003a184d0 code [0x0000000003a18620, 0x0000000003a186b8]
Event: 18471.108 Thread 0x0000000008ffb800 6276             com.sun.tools.javac.util.BaseFileManager::makeByteBuffer (108 bytes)
Event: 18471.118 Thread 0x0000000008ffb800 nmethod 6276 0x0000000003b88910 code [0x0000000003b88ac0, 0x0000000003b88f80]

GC Heap History (10 events):
Event: 15751.367 GC heap before
{Heap before GC invocations=108 (full 21):
 PSYoungGen      total 287744K, used 256110K [0x00000000eaa80000, 0x00000000ffb80000, 0x0000000100000000)
  eden space 233472K, 100% used [0x00000000eaa80000,0x00000000f8e80000,0x00000000f8e80000)
  from space 54272K, 41% used [0x00000000fc680000,0x00000000fdc9b900,0x00000000ffb80000)
  to   space 55808K, 0% used [0x00000000f8e80000,0x00000000f8e80000,0x00000000fc500000)
 ParOldGen       total 372224K, used 112387K [0x00000000c0000000, 0x00000000d6b80000, 0x00000000eaa80000)
  object space 372224K, 30% used [0x00000000c0000000,0x00000000c6dc0f38,0x00000000d6b80000)
 PSPermGen       total 174080K, used 161789K [0x00000000b0000000, 0x00000000baa00000, 0x00000000c0000000)
  object space 174080K, 92% used [0x00000000b0000000,0x00000000b9dff6c8,0x00000000baa00000)
Event: 15751.418 GC heap after
Heap after GC invocations=108 (full 21):
 PSYoungGen      total 289280K, used 31410K [0x00000000eaa80000, 0x0000000100000000, 0x0000000100000000)
  eden space 233472K, 0% used [0x00000000eaa80000,0x00000000eaa80000,0x00000000f8e80000)
  from space 55808K, 56% used [0x00000000f8e80000,0x00000000fad2c908,0x00000000fc500000)
  to   space 55296K, 0% used [0x00000000fca00000,0x00000000fca00000,0x0000000100000000)
 ParOldGen       total 372224K, used 128573K [0x00000000c0000000, 0x00000000d6b80000, 0x00000000eaa80000)
  object space 372224K, 34% used [0x00000000c0000000,0x00000000c7d8f4b0,0x00000000d6b80000)
 PSPermGen       total 174080K, used 161789K [0x00000000b0000000, 0x00000000baa00000, 0x00000000c0000000)
  object space 174080K, 92% used [0x00000000b0000000,0x00000000b9dff6c8,0x00000000baa00000)
}
Event: 15754.591 GC heap before
{Heap before GC invocations=109 (full 21):
 PSYoungGen      total 289280K, used 264882K [0x00000000eaa80000, 0x0000000100000000, 0x0000000100000000)
  eden space 233472K, 100% used [0x00000000eaa80000,0x00000000f8e80000,0x00000000f8e80000)
  from space 55808K, 56% used [0x00000000f8e80000,0x00000000fad2c908,0x00000000fc500000)
  to   space 55296K, 0% used [0x00000000fca00000,0x00000000fca00000,0x0000000100000000)
 ParOldGen       total 372224K, used 128573K [0x00000000c0000000, 0x00000000d6b80000, 0x00000000eaa80000)
  object space 372224K, 34% used [0x00000000c0000000,0x00000000c7d8f4b0,0x00000000d6b80000)
 PSPermGen       total 174080K, used 162417K [0x00000000b0000000, 0x00000000baa00000, 0x00000000c0000000)
  object space 174080K, 93% used [0x00000000b0000000,0x00000000b9e9c448,0x00000000baa00000)
Event: 15754.667 GC heap after
Heap after GC invocations=109 (full 21):
 PSYoungGen      total 288256K, used 42816K [0x00000000eaa80000, 0x0000000100000000, 0x0000000100000000)
  eden space 232960K, 0% used [0x00000000eaa80000,0x00000000eaa80000,0x00000000f8e00000)
  from space 55296K, 77% used [0x00000000fca00000,0x00000000ff3d02e0,0x0000000100000000)
  to   space 58368K, 0% used [0x00000000f8e00000,0x00000000f8e00000,0x00000000fc700000)
 ParOldGen       total 372224K, used 155273K [0x00000000c0000000, 0x00000000d6b80000, 0x00000000eaa80000)
  object space 372224K, 41% used [0x00000000c0000000,0x00000000c97a26a0,0x00000000d6b80000)
 PSPermGen       total 174080K, used 162417K [0x00000000b0000000, 0x00000000baa00000, 0x00000000c0000000)
  object space 174080K, 93% used [0x00000000b0000000,0x00000000b9e9c448,0x00000000baa00000)
}
Event: 15780.971 GC heap before
{Heap before GC invocations=110 (full 21):
 PSYoungGen      total 288256K, used 239391K [0x00000000eaa80000, 0x0000000100000000, 0x0000000100000000)
  eden space 232960K, 84% used [0x00000000eaa80000,0x00000000f6a77980,0x00000000f8e00000)
  from space 55296K, 77% used [0x00000000fca00000,0x00000000ff3d02e0,0x0000000100000000)
  to   space 58368K, 0% used [0x00000000f8e00000,0x00000000f8e00000,0x00000000fc700000)
 ParOldGen       total 372224K, used 155273K [0x00000000c0000000, 0x00000000d6b80000, 0x00000000eaa80000)
  object space 372224K, 41% used [0x00000000c0000000,0x00000000c97a26a0,0x00000000d6b80000)
 PSPermGen       total 174080K, used 163347K [0x00000000b0000000, 0x00000000baa00000, 0x00000000c0000000)
  object space 174080K, 93% used [0x00000000b0000000,0x00000000b9f84f60,0x00000000baa00000)
Event: 15781.038 GC heap after
Heap after GC invocations=110 (full 21):
 PSYoungGen      total 291328K, used 14271K [0x00000000eaa80000, 0x0000000100000000, 0x0000000100000000)
  eden space 232960K, 0% used [0x00000000eaa80000,0x00000000eaa80000,0x00000000f8e00000)
  from space 58368K, 24% used [0x00000000f8e00000,0x00000000f9befc70,0x00000000fc700000)
  to   space 57856K, 0% used [0x00000000fc780000,0x00000000fc780000,0x0000000100000000)
 ParOldGen       total 372224K, used 192764K [0x00000000c0000000, 0x00000000d6b80000, 0x00000000eaa80000)
  object space 372224K, 51% used [0x00000000c0000000,0x00000000cbc3f2f0,0x00000000d6b80000)
 PSPermGen       total 174080K, used 163347K [0x00000000b0000000, 0x00000000baa00000, 0x00000000c0000000)
  object space 174080K, 93% used [0x00000000b0000000,0x00000000b9f84f60,0x00000000baa00000)
}
Event: 15781.038 GC heap before
{Heap before GC invocations=111 (full 22):
 PSYoungGen      total 291328K, used 14271K [0x00000000eaa80000, 0x0000000100000000, 0x0000000100000000)
  eden space 232960K, 0% used [0x00000000eaa80000,0x00000000eaa80000,0x00000000f8e00000)
  from space 58368K, 24% used [0x00000000f8e00000,0x00000000f9befc70,0x00000000fc700000)
  to   space 57856K, 0% used [0x00000000fc780000,0x00000000fc780000,0x0000000100000000)
 ParOldGen       total 372224K, used 192764K [0x00000000c0000000, 0x00000000d6b80000, 0x00000000eaa80000)
  object space 372224K, 51% used [0x00000000c0000000,0x00000000cbc3f2f0,0x00000000d6b80000)
 PSPermGen       total 174080K, used 163347K [0x00000000b0000000, 0x00000000baa00000, 0x00000000c0000000)
  object space 174080K, 93% used [0x00000000b0000000,0x00000000b9f84f60,0x00000000baa00000)
Event: 15782.199 GC heap after
Heap after GC invocations=111 (full 22):
 PSYoungGen      total 291328K, used 0K [0x00000000eaa80000, 0x0000000100000000, 0x0000000100000000)
  eden space 232960K, 0% used [0x00000000eaa80000,0x00000000eaa80000,0x00000000f8e00000)
  from space 58368K, 0% used [0x00000000f8e00000,0x00000000f8e00000,0x00000000fc700000)
  to   space 57856K, 0% used [0x00000000fc780000,0x00000000fc780000,0x0000000100000000)
 ParOldGen       total 372224K, used 119563K [0x00000000c0000000, 0x00000000d6b80000, 0x00000000eaa80000)
  object space 372224K, 32% used [0x00000000c0000000,0x00000000c74c2db8,0x00000000d6b80000)
 PSPermGen       total 183808K, used 162438K [0x00000000b0000000, 0x00000000bb380000, 0x00000000c0000000)
  object space 183808K, 88% used [0x00000000b0000000,0x00000000b9ea1a98,0x00000000bb380000)
}
Event: 18466.681 GC heap before
{Heap before GC invocations=112 (full 22):
 PSYoungGen      total 291328K, used 232960K [0x00000000eaa80000, 0x0000000100000000, 0x0000000100000000)
  eden space 232960K, 100% used [0x00000000eaa80000,0x00000000f8e00000,0x00000000f8e00000)
  from space 58368K, 0% used [0x00000000f8e00000,0x00000000f8e00000,0x00000000fc700000)
  to   space 57856K, 0% used [0x00000000fc780000,0x00000000fc780000,0x0000000100000000)
 ParOldGen       total 372224K, used 119563K [0x00000000c0000000, 0x00000000d6b80000, 0x00000000eaa80000)
  object space 372224K, 32% used [0x00000000c0000000,0x00000000c74c2db8,0x00000000d6b80000)
 PSPermGen       total 183808K, used 169604K [0x00000000b0000000, 0x00000000bb380000, 0x00000000c0000000)
  object space 183808K, 92% used [0x00000000b0000000,0x00000000ba5a1108,0x00000000bb380000)
Event: 18466.708 GC heap after
Heap after GC invocations=112 (full 22):
 PSYoungGen      total 284672K, used 24593K [0x00000000eaa80000, 0x00000000ff980000, 0x0000000100000000)
  eden space 233472K, 0% used [0x00000000eaa80000,0x00000000eaa80000,0x00000000f8e80000)
  from space 51200K, 48% used [0x00000000fc780000,0x00000000fdf846d0,0x00000000ff980000)
  to   space 54784K, 0% used [0x00000000f8e80000,0x00000000f8e80000,0x00000000fc400000)
 ParOldGen       total 372224K, used 119563K [0x00000000c0000000, 0x00000000d6b80000, 0x00000000eaa80000)
  object space 372224K, 32% used [0x00000000c0000000,0x00000000c74c2db8,0x00000000d6b80000)
 PSPermGen       total 183808K, used 169604K [0x00000000b0000000, 0x00000000bb380000, 0x00000000c0000000)
  object space 183808K, 92% used [0x00000000b0000000,0x00000000ba5a1108,0x00000000bb380000)
}

Deoptimization events (10 events):
Event: 14087.191 Thread 0x000000000d80a800 Uncommon trap: reason=bimorphic action=maybe_recompile pc=0x0000000003c9c35c method=java.io.ObjectOutputStream.writeNonProxyDesc(Ljava/io/ObjectStreamClass;Z)V @ 44
Event: 14087.191 Thread 0x000000000d80a800 Uncommon trap: reason=bimorphic action=maybe_recompile pc=0x0000000003c9c35c method=java.io.ObjectOutputStream.writeNonProxyDesc(Ljava/io/ObjectStreamClass;Z)V @ 44
Event: 14087.191 Thread 0x000000000d80a800 Uncommon trap: reason=bimorphic action=maybe_recompile pc=0x0000000003c9c35c method=java.io.ObjectOutputStream.writeNonProxyDesc(Ljava/io/ObjectStreamClass;Z)V @ 44
Event: 15745.139 Thread 0x000000000d808000 Uncommon trap: reason=class_check action=maybe_recompile pc=0x0000000003947260 method=java.util.TimSort.mergeLo(IIII)V @ 77
Event: 15748.655 Thread 0x000000000d80c000 Uncommon trap: reason=null_check action=make_not_entrant pc=0x0000000003b58a48 method=com.android.ide.common.res2.NodeUtils.processSingleNodeNamespace(Lorg/w3c/dom/Node;Lorg/w3c/dom/Document;)Z @ 8
Event: 15751.174 Thread 0x000000000d80c000 Uncommon trap: reason=class_check action=maybe_recompile pc=0x00000000037d4af8 method=org.gradle.api.internal.changedetection.state.DefaultFileCollectionSnapshotter$FileCollectionSnapshotImpl$2.next(Lorg/gradle/util/ChangeListener;)Z @ 79
Event: 15751.174 Thread 0x000000000d80c000 Uncommon trap: reason=unreached action=reinterpret pc=0x00000000037d4ae4 method=org.gradle.api.internal.changedetection.state.DefaultFileCollectionSnapshotter$FileCollectionSnapshotImpl$2.next(Lorg/gradle/util/ChangeListener;)Z @ 123
Event: 15753.796 Thread 0x000000000d80c000 Uncommon trap: reason=unreached action=reinterpret pc=0x00000000039b6e90 method=dagger.internal.codegen.ValidationProcessor.validateScoping(Ljavax/lang/model/element/Element;)V @ 9
Event: 18468.199 Thread 0x000000000d80c000 Uncommon trap: reason=null_check action=make_not_entrant pc=0x0000000003243148 method=com.android.ide.common.res2.NodeUtils.processSingleNodeNamespace(Lorg/w3c/dom/Node;Lorg/w3c/dom/Document;)Z @ 8
Event: 18468.272 Thread 0x000000000d80c000 Uncommon trap: reason=unreached action=reinterpret pc=0x0000000003de01f8 method=com.android.ide.common.res2.NodeUtils.processSingleNodeNamespace(Lorg/w3c/dom/Node;Lorg/w3c/dom/Document;)Z @ 24

Internal exceptions (10 events):
Event: 18468.844 Thread 0x000000000d80c800 Threw 0x00000000f1f681b8 at C:\re\jdk7u79\2331\hotspot\src\share\vm\prims\jvm.cpp:1304
Event: 18468.845 Thread 0x000000000d80c800 Threw 0x00000000f1f72b08 at C:\re\jdk7u79\2331\hotspot\src\share\vm\prims\jvm.cpp:1304
Event: 18468.845 Thread 0x000000000d80c800 Threw 0x00000000f1f7bbc8 at C:\re\jdk7u79\2331\hotspot\src\share\vm\prims\jvm.cpp:1304
Event: 18468.845 Thread 0x000000000d80c800 Threw 0x00000000f1f85578 at C:\re\jdk7u79\2331\hotspot\src\share\vm\prims\jvm.cpp:1304
Event: 18468.846 Thread 0x000000000d80c800 Threw 0x00000000f1f8d678 at C:\re\jdk7u79\2331\hotspot\src\share\vm\prims\jvm.cpp:1304
Event: 18468.846 Thread 0x000000000d80c800 Threw 0x00000000f1f96b00 at C:\re\jdk7u79\2331\hotspot\src\share\vm\prims\jvm.cpp:1304
Event: 18468.851 Thread 0x000000000d80c800 Threw 0x00000000f1fd70d8 at C:\re\jdk7u79\2331\hotspot\src\share\vm\prims\jvm.cpp:1304
Event: 18468.852 Thread 0x000000000d80c800 Threw 0x00000000f1fe08a8 at C:\re\jdk7u79\2331\hotspot\src\share\vm\prims\jvm.cpp:1304
Event: 18468.853 Thread 0x000000000d80c800 Threw 0x00000000f1fec7e8 at C:\re\jdk7u79\2331\hotspot\src\share\vm\prims\jvm.cpp:1304
Event: 18468.853 Thread 0x000000000d80c800 Threw 0x00000000f1ff65b8 at C:\re\jdk7u79\2331\hotspot\src\share\vm\prims\jvm.cpp:1304

Events (10 events):
Event: 18468.801 Thread 0x000000000b2bc800 Thread added: 0x000000000b2bc800
Event: 18468.805 Thread 0x000000000b2be800 Thread exited: 0x000000000b2be800
Event: 18468.854 Thread 0x000000000d80c800 Thread exited: 0x000000000d80c800
Event: 18470.361 Thread 0x000000000b2be000 Thread exited: 0x000000000b2be000
Event: 18470.361 Thread 0x000000000b2bc800 Thread exited: 0x000000000b2bc800
Event: 18470.362 Thread 0x000000000b2bf800 Thread exited: 0x000000000b2bf800
Event: 18470.362 Thread 0x000000000d80d800 Thread exited: 0x000000000d80d800
Event: 18471.118 Thread 0x0000000008ffb800 flushing nmethod 0x00000000039678d0
Event: 18471.118 Thread 0x0000000008ffb800 flushing nmethod 0x00000000039b5950
Event: 18471.118 Thread 0x0000000008ffb800 flushing nmethod 0x00000000039b6910


Dynamic libraries:
0x00007ff747360000 - 0x00007ff747393000 	C:\Program Files\Java\jdk1.7.0_79\bin\java.exe
0x00007ffd85400000 - 0x00007ffd855ad000 	C:\windows\SYSTEM32\ntdll.dll
0x00007ffd83520000 - 0x00007ffd8365e000 	C:\windows\system32\KERNEL32.DLL
0x00007ffd82800000 - 0x00007ffd82915000 	C:\windows\system32\KERNELBASE.dll
0x00007ffd80f20000 - 0x00007ffd80fae000 	C:\windows\system32\apphelp.dll
0x00007ffd6d6e0000 - 0x00007ffd6d733000 	C:\windows\AppPatch\AppPatch64\AcGenral.DLL
0x00007ffd83810000 - 0x00007ffd838ba000 	C:\windows\system32\msvcrt.dll
0x00007ffd82380000 - 0x00007ffd823ae000 	C:\windows\SYSTEM32\SspiCli.dll
0x00007ffd85360000 - 0x00007ffd853b4000 	C:\windows\system32\SHLWAPI.dll
0x00007ffd851e0000 - 0x00007ffd85357000 	C:\windows\system32\USER32.dll
0x00007ffd83360000 - 0x00007ffd834f4000 	C:\windows\system32\ole32.dll
0x00007ffd83ae0000 - 0x00007ffd8500a000 	C:\windows\system32\SHELL32.dll
0x00007ffd81af0000 - 0x00007ffd81b11000 	C:\windows\SYSTEM32\USERENV.dll
0x00007ffd82f00000 - 0x00007ffd82faa000 	C:\windows\system32\ADVAPI32.dll
0x00007ffd7df30000 - 0x00007ffd7df4e000 	C:\windows\SYSTEM32\MPR.dll
0x00007ffd85030000 - 0x00007ffd85171000 	C:\windows\system32\RPCRT4.dll
0x00007ffd837b0000 - 0x00007ffd83809000 	C:\windows\SYSTEM32\sechost.dll
0x00007ffd82ce0000 - 0x00007ffd82ef1000 	C:\windows\SYSTEM32\combase.dll
0x00007ffd83660000 - 0x00007ffd837b0000 	C:\windows\system32\GDI32.dll
0x00007ffd82550000 - 0x00007ffd82565000 	C:\windows\SYSTEM32\profapi.dll
0x00007ffd80340000 - 0x00007ffd803f2000 	C:\windows\SYSTEM32\SHCORE.dll
0x00007ffd853c0000 - 0x00007ffd853f6000 	C:\windows\system32\IMM32.DLL
0x00007ffd838c0000 - 0x00007ffd83a12000 	C:\windows\system32\MSCTF.dll
0x00007ffd7fec0000 - 0x00007ffd8013b000 	C:\windows\WinSxS\amd64_microsoft.windows.common-controls_6595b64144ccf1df_6.0.9600.18006_none_623f33d3ecbe86e8\COMCTL32.dll
0x0000000062630000 - 0x0000000062702000 	C:\Program Files\Java\jdk1.7.0_79\jre\bin\msvcr100.dll
0x0000000062ba0000 - 0x0000000063375000 	C:\Program Files\Java\jdk1.7.0_79\jre\bin\server\jvm.dll
0x00007ffd80830000 - 0x00007ffd80839000 	C:\windows\SYSTEM32\WSOCK32.dll
0x00007ffd7dac0000 - 0x00007ffd7dae2000 	C:\windows\SYSTEM32\WINMM.dll
0x00007ffd83500000 - 0x00007ffd83507000 	C:\windows\system32\PSAPI.DLL
0x00007ffd82c60000 - 0x00007ffd82cba000 	C:\windows\system32\WS2_32.dll
0x00007ffd76d70000 - 0x00007ffd76d9a000 	C:\windows\SYSTEM32\WINMMBASE.dll
0x00007ffd82cc0000 - 0x00007ffd82cc9000 	C:\windows\system32\NSI.dll
0x00007ffd82980000 - 0x00007ffd829cf000 	C:\windows\SYSTEM32\cfgmgr32.dll
0x00007ffd81340000 - 0x00007ffd81368000 	C:\windows\SYSTEM32\DEVOBJ.dll
0x0000000062ab0000 - 0x0000000062abf000 	C:\Program Files\Java\jdk1.7.0_79\jre\bin\verify.dll
0x0000000062a80000 - 0x0000000062aa8000 	C:\Program Files\Java\jdk1.7.0_79\jre\bin\java.dll
0x0000000062a60000 - 0x0000000062a75000 	C:\Program Files\Java\jdk1.7.0_79\jre\bin\zip.dll
0x0000000062a40000 - 0x0000000062a5a000 	C:\Program Files\Java\jdk1.7.0_79\jre\bin\net.dll
0x00007ffd81d60000 - 0x00007ffd81db9000 	C:\windows\system32\mswsock.dll
0x0000000062a20000 - 0x0000000062a31000 	C:\Program Files\Java\jdk1.7.0_79\jre\bin\nio.dll
0x00007ffd81dc0000 - 0x00007ffd81de0000 	C:\windows\SYSTEM32\CRYPTSP.dll
0x00007ffd819e0000 - 0x00007ffd81a16000 	C:\windows\system32\rsaenh.dll
0x00007ffd82070000 - 0x00007ffd82096000 	C:\windows\SYSTEM32\bcrypt.dll
0x00007ffd823b0000 - 0x00007ffd82413000 	C:\windows\system32\bcryptprimitives.dll
0x00007ffd82420000 - 0x00007ffd8242b000 	C:\windows\SYSTEM32\CRYPTBASE.dll
0x00007ffd7d6d0000 - 0x00007ffd7d6fa000 	C:\windows\SYSTEM32\IPHLPAPI.DLL
0x00007ffd7d6c0000 - 0x00007ffd7d6ca000 	C:\windows\SYSTEM32\WINNSI.DLL
0x00007ffd7cfe0000 - 0x00007ffd7cff6000 	C:\windows\SYSTEM32\dhcpcsvc6.DLL
0x00007ffd7cfc0000 - 0x00007ffd7cfda000 	C:\windows\SYSTEM32\dhcpcsvc.DLL
0x00007ffd7ca80000 - 0x00007ffd7ca92000 	C:\Users\Dell\AppData\Local\Temp\native-platform3855929179426713202dir\native-platform.dll
0x0000000062820000 - 0x000000006282b000 	C:\Program Files\Java\jdk1.7.0_79\jre\bin\management.dll
0x0000000062750000 - 0x0000000062774000 	C:\Program Files\Java\jdk1.7.0_79\jre\bin\sunec.dll
0x0000000062740000 - 0x000000006274b000 	C:\Program Files\Java\jdk1.7.0_79\jre\bin\sunmscapi.dll
0x00007ffd82620000 - 0x00007ffd827ff000 	C:\windows\system32\CRYPT32.dll
0x00007ffd82600000 - 0x00007ffd82611000 	C:\windows\system32\MSASN1.dll
0x00007ffd81b60000 - 0x00007ffd81c04000 	C:\windows\SYSTEM32\DNSAPI.dll
0x00007ffd798e0000 - 0x00007ffd798ea000 	C:\Windows\System32\rasadhlp.dll
0x00007ffd7d120000 - 0x00007ffd7d18b000 	C:\windows\System32\fwpuclnt.dll
0x00007ffd78290000 - 0x00007ffd782a5000 	C:\windows\system32\napinsp.dll
0x00007ffd782b0000 - 0x00007ffd782ca000 	C:\windows\system32\pnrpnsp.dll
0x00007ffd80cd0000 - 0x00007ffd80ceb000 	C:\windows\system32\NLAapi.dll
0x00007ffd782d0000 - 0x00007ffd782dd000 	C:\windows\System32\winrnr.dll
0x00007ffd782e0000 - 0x00007ffd782f4000 	C:\windows\system32\wshbth.dll
0x00007ffd80400000 - 0x00007ffd80589000 	C:\windows\SYSTEM32\dbghelp.dll

VM Arguments:
jvm_args: -XX:MaxPermSize=256m -XX:+HeapDumpOnOutOfMemoryError -Xmx1024m -Dfile.encoding=windows-1252 -Duser.country=US -Duser.language=en -Duser.variant 
java_command: org.gradle.launcher.daemon.bootstrap.GradleDaemon 2.2.1 C:\Users\Dell\.gradle\daemon 10800000 007d7190-f87d-4561-bfa6-92c4bfb7bdae -XX:MaxPermSize=256m -XX:+HeapDumpOnOutOfMemoryError -Xmx1024m -Dfile.encoding=windows-1252 -Duser.country=US -Duser.language=en -Duser.variant
Launcher Type: SUN_STANDARD

Environment Variables:
JAVA_HOME=C:\Program Files\Java\jdk1.7.0_79
PATH=C:\ProgramData\Oracle\Java\javapath;c:\Program Files (x86)\Intel\iCLS Client\;c:\Program Files\Intel\iCLS Client\;C:\windows\system32;C:\windows;C:\windows\System32\Wbem;C:\windows\System32\WindowsPowerShell\v1.0\;C:\Program Files\Intel\Intel(R) Management Engine Components\DAL;C:\Program Files\Intel\Intel(R) Management Engine Components\IPT;C:\Program Files (x86)\Intel\Intel(R) Management Engine Components\DAL;C:\Program Files (x86)\Intel\Intel(R) Management Engine Components\IPT;C:\Program Files (x86)\Windows Live\Shared;C:\Program Files (x86)\nodejs\;C:\wamp\bin\php\php5.5.12;C:\ProgramData\ComposerSetup\bin;C:\Users\Dell\AppData\Roaming\npm;C:\Users\Dell\AppData\Local\Programs\Git\cmd
USERNAME=Dell
OS=Windows_NT
PROCESSOR_IDENTIFIER=Intel64 Family 6 Model 61 Stepping 4, GenuineIntel



---------------  S Y S T E M  ---------------

OS: Windows 8.1 , 64 bit Build 9600 

CPU:total 4 (2 cores per cpu, 2 threads per core) family 6 model 61 stepping 4, cmov, cx8, fxsr, mmx, sse, sse2, sse3, ssse3, sse4.1, sse4.2, popcnt, avx, avx2, aes, erms, ht, tsc, tscinvbit

Memory: 4k page, physical 8301008k(1755880k free), swap 13451796k(5237768k free)

vm_info: Java HotSpot(TM) 64-Bit Server VM (24.79-b02) for windows-amd64 JRE (1.7.0_79-b15), built on Apr 10 2015 12:36:16 by "java_re" with unknown MS VC++:1600

time: Tue Feb 23 14:55:48 2016
elapsed time: 18471 seconds

