#
# A fatal error has been detected by the Java Runtime Environment:
#
#  EXCEPTION_ACCESS_VIOLATION (0xc0000005) at pc=0x00000000026489c7, pid=5260, tid=3608
#
# JRE version: Java(TM) SE Runtime Environment (7.0_79-b15) (build 1.7.0_79-b15)
# Java VM: Java HotSpot(TM) 64-Bit Server VM (24.79-b02 mixed mode windows-amd64 compressed oops)
# Problematic frame:
# J 2110 C2 com.sun.tools.javac.util.Convert.utf2chars([BI[CII)I (135 bytes) @ 0x00000000026489c7 [0x0000000002648860+0x167]
#
# Failed to write core dump. Minidumps are not enabled by default on client versions of Windows
#
# If you would like to submit a bug report, please visit:
#   http://bugreport.java.com/bugreport/crash.jsp
#

---------------  T H R E A D  ---------------

Current thread (0x000000000d711000):  JavaThread "Daemon worker Thread 3" [_thread_in_Java, id=3608, stack(0x000000000c560000,0x000000000c660000)]

siginfo: ExceptionCode=0xc0000005, writing address 0x0000000000100000

Registers:
RAX=0x0000000000100000, RBX=0x0000000000000064, RCX=0x000000000004c459, RDX=0x000000000000001f
RSP=0x000000000c65c590, RBP=0x000000000004c43a, RSI=0x000000000004c458, RDI=0x000000000000001f
R8 =0x000000000004c457, R9 =0x000000000004c458, R10=0x00000000ebe23e20, R11=0x000000000004c458
R12=0x0000000000000000, R13=0x0000000000000064, R14=0x00000000fb4c83d8, R15=0x000000000d711000
RIP=0x00000000026489c7, EFLAGS=0x0000000000010246

Top of Stack: (sp=0x000000000c65c590)
0x000000000c65c590:   00000000eb1c35f8 00000000c00513b8
0x000000000c65c5a0:   00000000ebe23e20 0000000000000000
0x000000000c65c5b0:   000000000c65c5e8 000000000c65c630
0x000000000c65c5c0:   000000000c65c630 0000000001f56981
0x000000000c65c5d0:   00000000fb4c83d8 0000000002712a0c
0x000000000c65c5e0:   00000000c00513b8 00000000eb1c35f8
0x000000000c65c5f0:   000000000c65c5f0 00000000b001531d
0x000000000c65c600:   00000000eb1c3590 00000000b523cd20
0x000000000c65c610:   00000000eb1c5b00 00000000ebe23e08
0x000000000c65c620:   0000000000000000 00000000fb8c24e8
0x000000000c65c630:   0004c4390000001f 00000000ebe23e20
0x000000000c65c640:   00000000c00513b8 00000000eb1c3590
0x000000000c65c650:   000000000c65c650 00000000b00153fe
0x000000000c65c660:   000000000c65c6a8 00000000b00b9350
0x000000000c65c670:   00000000b4514528 00000000b0015418
0x000000000c65c680:   000000000c65c6f0 0000000001f562d3 

Instructions: (pc=0x00000000026489c7)
0x00000000026489a7:   00 00 00 41 81 fd c0 00 00 00 0f 8d 2a 01 00 00
0x00000000026489b7:   3b fa 7c a5 3b fa 7c 20 45 8b d9 e9 aa 01 00 00
0x00000000026489c7:   8b c7 48 83 c4 40 5d 85 05 2c 76 63 ff c3 8b c7
0x00000000026489d7:   eb f0 66 66 90 45 8b cb 3b fa 0f 83 96 00 00 00 


Register to memory mapping:

RAX=0x0000000000100000 is an unknown value
RBX=0x0000000000000064 is an unknown value
RCX=0x000000000004c459 is an unknown value
RDX=0x000000000000001f is an unknown value
RSP=0x000000000c65c590 is pointing into the stack for thread: 0x000000000d711000
RBP=0x000000000004c43a is an unknown value
RSI=0x000000000004c458 is an unknown value
RDI=0x000000000000001f is an unknown value
R8 =0x000000000004c457 is an unknown value
R9 =0x000000000004c458 is an unknown value
R10=0x00000000ebe23e20 is an oop
[C 
 - klass: {type array char}
 - length: 31
R11=0x000000000004c458 is an unknown value
R12=0x0000000000000000 is an unknown value
R13=0x0000000000000064 is an unknown value
R14=0x00000000fb4c83d8 is an oop
[B 
 - klass: {type array byte}
 - length: 1048576
R15=0x000000000d711000 is a thread


Stack: [0x000000000c560000,0x000000000c660000],  sp=0x000000000c65c590,  free space=1009k
Native frames: (J=compiled Java code, j=interpreted, Vv=VM code, C=native code)
J 2110 C2 com.sun.tools.javac.util.Convert.utf2chars([BI[CII)I (135 bytes) @ 0x00000000026489c7 [0x0000000002648860+0x167]
J 2323 C2 com.sun.tools.javac.model.JavacElements.getAnnotation(Lcom/sun/tools/javac/code/Symbol;Ljava/lang/Class;)Ljava/lang/annotation/Annotation; (100 bytes) @ 0x0000000002712a0c [0x00000000027127a0+0x26c]
j  com.sun.tools.javac.model.JavacElements.getAnnotation(Lcom/sun/tools/javac/code/Symbol$ClassSymbol;Ljava/lang/Class;)Ljava/lang/annotation/Annotation;+32
j  com.sun.tools.javac.code.Symbol$ClassSymbol.getAnnotation(Ljava/lang/Class;)Ljava/lang/annotation/Annotation;+2
j  dagger.internal.codegen.GeneratorKeys.getQualifier(Ljava/util/List;)Ljavax/lang/model/element/AnnotationMirror;+42
j  dagger.internal.codegen.GeneratorKeys.get(Ljavax/lang/model/element/ExecutableElement;)Ljava/lang/String;+14
j  dagger.internal.codegen.ModuleAdapterProcessor.generateModuleAdapter(Ljava/io/Writer;Ljava/lang/String;Ljavax/lang/model/element/TypeElement;Ljava/util/Map;Ljava/util/List;)V+1010
j  dagger.internal.codegen.ModuleAdapterProcessor.process(Ljava/util/Set;Ljavax/annotation/processing/RoundEnvironment;)Z+116
j  com.sun.tools.javac.processing.JavacProcessingEnvironment.callProcessor(Ljavax/annotation/processing/Processor;Ljava/util/Set;Ljavax/annotation/processing/RoundEnvironment;)Z+3
j  com.sun.tools.javac.processing.JavacProcessingEnvironment.discoverAndRunProcs(Lcom/sun/tools/javac/util/Context;Ljava/util/Set;Lcom/sun/tools/javac/util/List;Lcom/sun/tools/javac/util/List;)V+316
j  com.sun.tools.javac.processing.JavacProcessingEnvironment.access$1700(Lcom/sun/tools/javac/processing/JavacProcessingEnvironment;Lcom/sun/tools/javac/util/Context;Ljava/util/Set;Lcom/sun/tools/javac/util/List;Lcom/sun/tools/javac/util/List;)V+6
j  com.sun.tools.javac.processing.JavacProcessingEnvironment$Round.run(ZZ)V+114
j  com.sun.tools.javac.processing.JavacProcessingEnvironment.doProcessing(Lcom/sun/tools/javac/util/Context;Lcom/sun/tools/javac/util/List;Lcom/sun/tools/javac/util/List;Ljava/lang/Iterable;)Lcom/sun/tools/javac/main/JavaCompiler;+99
j  com.sun.tools.javac.main.JavaCompiler.processAnnotations(Lcom/sun/tools/javac/util/List;Lcom/sun/tools/javac/util/List;)Lcom/sun/tools/javac/main/JavaCompiler;+415
j  com.sun.tools.javac.main.JavaCompiler.compile(Lcom/sun/tools/javac/util/List;Lcom/sun/tools/javac/util/List;Ljava/lang/Iterable;)V+149
j  com.sun.tools.javac.main.Main.compile([Ljava/lang/String;[Ljava/lang/String;Lcom/sun/tools/javac/util/Context;Lcom/sun/tools/javac/util/List;Ljava/lang/Iterable;)I+761
j  com.sun.tools.javac.api.JavacTaskImpl.call()Ljava/lang/Boolean;+59
j  org.gradle.api.internal.tasks.compile.JdkJavaCompiler.execute(Lorg/gradle/api/internal/tasks/compile/JavaCompileSpec;)Lorg/gradle/api/tasks/WorkResult;+17
j  org.gradle.api.internal.tasks.compile.JdkJavaCompiler.execute(Lorg/gradle/language/base/internal/compile/CompileSpec;)Lorg/gradle/api/tasks/WorkResult;+5
j  org.gradle.api.internal.tasks.compile.NormalizingJavaCompiler.delegateAndHandleErrors(Lorg/gradle/api/internal/tasks/compile/JavaCompileSpec;)Lorg/gradle/api/tasks/WorkResult;+5
j  org.gradle.api.internal.tasks.compile.NormalizingJavaCompiler.execute(Lorg/gradle/api/internal/tasks/compile/JavaCompileSpec;)Lorg/gradle/api/tasks/WorkResult;+27
j  org.gradle.api.internal.tasks.compile.NormalizingJavaCompiler.execute(Lorg/gradle/language/base/internal/compile/CompileSpec;)Lorg/gradle/api/tasks/WorkResult;+5
j  org.gradle.api.internal.tasks.compile.CleaningJavaCompilerSupport.execute(Lorg/gradle/api/internal/tasks/compile/JavaCompileSpec;)Lorg/gradle/api/tasks/WorkResult;+37
j  org.gradle.api.internal.tasks.compile.CleaningJavaCompilerSupport.execute(Lorg/gradle/language/base/internal/compile/CompileSpec;)Lorg/gradle/api/tasks/WorkResult;+5
j  org.gradle.api.tasks.compile.JavaCompile.performCompilation(Lorg/gradle/api/internal/tasks/compile/JavaCompileSpec;Lorg/gradle/language/base/internal/compile/Compiler;)V+2
j  org.gradle.api.tasks.compile.JavaCompile.compile()V+12
j  org.gradle.api.tasks.compile.JavaCompile.compile(Lorg/gradle/api/tasks/incremental/IncrementalTaskInputs;)V+11
v  ~StubRoutines::call_stub
V  [jvm.dll+0x1cf7f3]


---------------  P R O C E S S  ---------------

Java Threads: ( => current thread )
  0x000000000d70f800 JavaThread "Stdin handler" [_thread_blocked, id=6460, stack(0x000000000c660000,0x000000000c760000)]
=>0x000000000d711000 JavaThread "Daemon worker Thread 3" [_thread_in_Java, id=3608, stack(0x000000000c560000,0x000000000c660000)]
  0x000000000d710800 JavaThread "Cancel handler" [_thread_blocked, id=1912, stack(0x000000000c460000,0x000000000c560000)]
  0x000000000d712000 JavaThread "Handler for socket connection from /127.0.0.1:60631 to /127.0.0.1:64800" [_thread_in_native, id=3304, stack(0x000000000c360000,0x000000000c460000)]
  0x000000000d70f000 JavaThread "Daemon Thread 3" [_thread_blocked, id=5124, stack(0x000000000c260000,0x000000000c360000)]
  0x000000000ae37800 JavaThread "File lock request listener" [_thread_in_native, id=2504, stack(0x000000000c760000,0x000000000c860000)]
  0x000000000a87d800 JavaThread "Incoming local TCP Connector on port 60631" [_thread_in_native, id=7788, stack(0x000000000c160000,0x000000000c260000)]
  0x00000000084a0000 JavaThread "Service Thread" daemon [_thread_blocked, id=5580, stack(0x0000000009c00000,0x0000000009d00000)]
  0x000000000848e800 JavaThread "C2 CompilerThread1" daemon [_thread_blocked, id=6064, stack(0x0000000009b00000,0x0000000009c00000)]
  0x000000000848b800 JavaThread "C2 CompilerThread0" daemon [_thread_in_native, id=2000, stack(0x0000000009a00000,0x0000000009b00000)]
  0x000000000848a800 JavaThread "Attach Listener" daemon [_thread_blocked, id=676, stack(0x0000000009900000,0x0000000009a00000)]
  0x0000000008487800 JavaThread "Signal Dispatcher" daemon [_thread_blocked, id=2580, stack(0x0000000009800000,0x0000000009900000)]
  0x000000000844f000 JavaThread "Finalizer" daemon [_thread_blocked, id=4716, stack(0x0000000009700000,0x0000000009800000)]
  0x0000000008446000 JavaThread "Reference Handler" daemon [_thread_blocked, id=8756, stack(0x0000000009600000,0x0000000009700000)]
  0x0000000001e50800 JavaThread "main" [_thread_blocked, id=7888, stack(0x0000000001d50000,0x0000000001e50000)]

Other Threads:
  0x0000000008441000 VMThread [stack: 0x0000000009500000,0x0000000009600000] [id=6912]
  0x00000000084b3800 WatcherThread [stack: 0x0000000009d00000,0x0000000009e00000] [id=6364]

VM state:not at safepoint (normal execution)

VM Mutex/Monitor currently owned by a thread: None

Heap
 PSYoungGen      total 293376K, used 70777K [0x00000000eaa80000, 0x0000000100000000, 0x0000000100000000)
  eden space 243712K, 8% used [0x00000000eaa80000,0x00000000ebf24978,0x00000000f9880000)
  from space 49664K, 99% used [0x00000000f9880000,0x00000000fc8f9b28,0x00000000fc900000)
  to   space 56320K, 0% used [0x00000000fc900000,0x00000000fc900000,0x0000000100000000)
 ParOldGen       total 236544K, used 102962K [0x00000000c0000000, 0x00000000ce700000, 0x00000000eaa80000)
  object space 236544K, 43% used [0x00000000c0000000,0x00000000c648c908,0x00000000ce700000)
 PSPermGen       total 126464K, used 84427K [0x00000000b0000000, 0x00000000b7b80000, 0x00000000c0000000)
  object space 126464K, 66% used [0x00000000b0000000,0x00000000b5272c70,0x00000000b7b80000)

Card table byte_map: [0x0000000005010000,0x00000000052a0000] byte_map_base: 0x0000000004a90000

Polling page: 0x0000000001c80000

Code Cache  [0x0000000001f50000, 0x0000000002a10000, 0x0000000004f50000)
 total_blobs=3613 nmethods=2945 adapters=619 free_code_cache=38484Kb largest_free_block=39090816

Compilation events (10 events):
Event: 813.735 Thread 0x000000000848e800 3330             com.squareup.javawriter.JavaWriter::stringLiteral (225 bytes)
Event: 813.752 Thread 0x000000000848e800 nmethod 3330 0x00000000024fc750 code [0x00000000024fc960, 0x00000000024fd2c0]
Event: 813.754 Thread 0x000000000848b800 nmethod 3329 0x000000000286dfd0 code [0x000000000286e260, 0x000000000286f850]
Event: 813.795 Thread 0x000000000848e800 3331 % !         java.util.Formatter::format @ 20 (271 bytes)
Event: 813.797 Thread 0x000000000848b800 3332             java.util.regex.Pattern$Prolog::match (11 bytes)
Event: 813.803 Thread 0x000000000848b800 nmethod 3332 0x000000000227d010 code [0x000000000227d1a0, 0x000000000227d5f8]
Event: 813.803 Thread 0x000000000848b800 3333             java.util.regex.Pattern$Loop::matchInit (123 bytes)
Event: 813.809 Thread 0x000000000848b800 nmethod 3333 0x0000000002242490 code [0x0000000002242600, 0x0000000002242a18]
Event: 813.815 Thread 0x000000000848e800 nmethod 3331% 0x000000000237a390 code [0x000000000237a900, 0x000000000237b8b0]
Event: 813.815 Thread 0x000000000848b800 3334   !         java.util.Formatter::format (271 bytes)

GC Heap History (10 events):
Event: 597.961 GC heap before
{Heap before GC invocations=17 (full 3):
 PSYoungGen      total 273408K, used 32233K [0x00000000eaa80000, 0x0000000100000000, 0x0000000100000000)
  eden space 241152K, 0% used [0x00000000eaa80000,0x00000000eaa80000,0x00000000f9600000)
  from space 32256K, 99% used [0x00000000fe080000,0x00000000ffffa450,0x0000000100000000)
  to   space 54272K, 0% used [0x00000000f9600000,0x00000000f9600000,0x00000000fcb00000)
 ParOldGen       total 137216K, used 130600K [0x00000000c0000000, 0x00000000c8600000, 0x00000000eaa80000)
  object space 137216K, 95% used [0x00000000c0000000,0x00000000c7f8a390,0x00000000c8600000)
 PSPermGen       total 115712K, used 72400K [0x00000000b0000000, 0x00000000b7100000, 0x00000000c0000000)
  object space 115712K, 62% used [0x00000000b0000000,0x00000000b46b4048,0x00000000b7100000)
Event: 599.378 GC heap after
Heap after GC invocations=17 (full 3):
 PSYoungGen      total 273408K, used 20243K [0x00000000eaa80000, 0x0000000100000000, 0x0000000100000000)
  eden space 241152K, 0% used [0x00000000eaa80000,0x00000000eaa80000,0x00000000f9600000)
  from space 32256K, 62% used [0x00000000fe080000,0x00000000ff444e50,0x0000000100000000)
  to   space 54272K, 0% used [0x00000000f9600000,0x00000000f9600000,0x00000000fcb00000)
 ParOldGen       total 236544K, used 137214K [0x00000000c0000000, 0x00000000ce700000, 0x00000000eaa80000)
  object space 236544K, 58% used [0x00000000c0000000,0x00000000c85ff820,0x00000000ce700000)
 PSPermGen       total 125440K, used 72393K [0x00000000b0000000, 0x00000000b7a80000, 0x00000000c0000000)
  object space 125440K, 57% used [0x00000000b0000000,0x00000000b46b25a8,0x00000000b7a80000)
}
Event: 623.219 GC heap before
{Heap before GC invocations=18 (full 3):
 PSYoungGen      total 273408K, used 256671K [0x00000000eaa80000, 0x0000000100000000, 0x0000000100000000)
  eden space 241152K, 98% used [0x00000000eaa80000,0x00000000f9162ec8,0x00000000f9600000)
  from space 32256K, 62% used [0x00000000fe080000,0x00000000ff444e50,0x0000000100000000)
  to   space 54272K, 0% used [0x00000000f9600000,0x00000000f9600000,0x00000000fcb00000)
 ParOldGen       total 236544K, used 137214K [0x00000000c0000000, 0x00000000ce700000, 0x00000000eaa80000)
  object space 236544K, 58% used [0x00000000c0000000,0x00000000c85ff820,0x00000000ce700000)
 PSPermGen       total 125440K, used 74066K [0x00000000b0000000, 0x00000000b7a80000, 0x00000000c0000000)
  object space 125440K, 59% used [0x00000000b0000000,0x00000000b4854998,0x00000000b7a80000)
Event: 623.312 GC heap after
Heap after GC invocations=18 (full 3):
 PSYoungGen      total 295424K, used 22113K [0x00000000eaa80000, 0x0000000100000000, 0x0000000100000000)
  eden space 241152K, 0% used [0x00000000eaa80000,0x00000000eaa80000,0x00000000f9600000)
  from space 54272K, 40% used [0x00000000f9600000,0x00000000fab98530,0x00000000fcb00000)
  to   space 51712K, 0% used [0x00000000fcd80000,0x00000000fcd80000,0x0000000100000000)
 ParOldGen       total 236544K, used 157132K [0x00000000c0000000, 0x00000000ce700000, 0x00000000eaa80000)
  object space 236544K, 66% used [0x00000000c0000000,0x00000000c9973108,0x00000000ce700000)
 PSPermGen       total 125440K, used 74066K [0x00000000b0000000, 0x00000000b7a80000, 0x00000000c0000000)
  object space 125440K, 59% used [0x00000000b0000000,0x00000000b4854998,0x00000000b7a80000)
}
Event: 623.312 GC heap before
{Heap before GC invocations=19 (full 4):
 PSYoungGen      total 295424K, used 22113K [0x00000000eaa80000, 0x0000000100000000, 0x0000000100000000)
  eden space 241152K, 0% used [0x00000000eaa80000,0x00000000eaa80000,0x00000000f9600000)
  from space 54272K, 40% used [0x00000000f9600000,0x00000000fab98530,0x00000000fcb00000)
  to   space 51712K, 0% used [0x00000000fcd80000,0x00000000fcd80000,0x0000000100000000)
 ParOldGen       total 236544K, used 157132K [0x00000000c0000000, 0x00000000ce700000, 0x00000000eaa80000)
  object space 236544K, 66% used [0x00000000c0000000,0x00000000c9973108,0x00000000ce700000)
 PSPermGen       total 125440K, used 74066K [0x00000000b0000000, 0x00000000b7a80000, 0x00000000c0000000)
  object space 125440K, 59% used [0x00000000b0000000,0x00000000b4854998,0x00000000b7a80000)
Event: 624.037 GC heap after
Heap after GC invocations=19 (full 4):
 PSYoungGen      total 295424K, used 0K [0x00000000eaa80000, 0x0000000100000000, 0x0000000100000000)
  eden space 241152K, 0% used [0x00000000eaa80000,0x00000000eaa80000,0x00000000f9600000)
  from space 54272K, 0% used [0x00000000f9600000,0x00000000f9600000,0x00000000fcb00000)
  to   space 51712K, 0% used [0x00000000fcd80000,0x00000000fcd80000,0x0000000100000000)
 ParOldGen       total 236544K, used 84848K [0x00000000c0000000, 0x00000000ce700000, 0x00000000eaa80000)
  object space 236544K, 35% used [0x00000000c0000000,0x00000000c52dc380,0x00000000ce700000)
 PSPermGen       total 126464K, used 73439K [0x00000000b0000000, 0x00000000b7b80000, 0x00000000c0000000)
  object space 126464K, 58% used [0x00000000b0000000,0x00000000b47b7fc8,0x00000000b7b80000)
}
Event: 808.661 GC heap before
{Heap before GC invocations=20 (full 4):
 PSYoungGen      total 295424K, used 241152K [0x00000000eaa80000, 0x0000000100000000, 0x0000000100000000)
  eden space 241152K, 100% used [0x00000000eaa80000,0x00000000f9600000,0x00000000f9600000)
  from space 54272K, 0% used [0x00000000f9600000,0x00000000f9600000,0x00000000fcb00000)
  to   space 51712K, 0% used [0x00000000fcd80000,0x00000000fcd80000,0x0000000100000000)
 ParOldGen       total 236544K, used 84848K [0x00000000c0000000, 0x00000000ce700000, 0x00000000eaa80000)
  object space 236544K, 35% used [0x00000000c0000000,0x00000000c52dc380,0x00000000ce700000)
 PSPermGen       total 126464K, used 80673K [0x00000000b0000000, 0x00000000b7b80000, 0x00000000c0000000)
  object space 126464K, 63% used [0x00000000b0000000,0x00000000b4ec8710,0x00000000b7b80000)
Event: 808.686 GC heap after
Heap after GC invocations=20 (full 4):
 PSYoungGen      total 288768K, used 24294K [0x00000000eaa80000, 0x00000000ff980000, 0x0000000100000000)
  eden space 243712K, 0% used [0x00000000eaa80000,0x00000000eaa80000,0x00000000f9880000)
  from space 45056K, 53% used [0x00000000fcd80000,0x00000000fe539878,0x00000000ff980000)
  to   space 49664K, 0% used [0x00000000f9880000,0x00000000f9880000,0x00000000fc900000)
 ParOldGen       total 236544K, used 84848K [0x00000000c0000000, 0x00000000ce700000, 0x00000000eaa80000)
  object space 236544K, 35% used [0x00000000c0000000,0x00000000c52dc380,0x00000000ce700000)
 PSPermGen       total 126464K, used 80673K [0x00000000b0000000, 0x00000000b7b80000, 0x00000000c0000000)
  object space 126464K, 63% used [0x00000000b0000000,0x00000000b4ec8710,0x00000000b7b80000)
}
Event: 813.007 GC heap before
{Heap before GC invocations=21 (full 4):
 PSYoungGen      total 288768K, used 268006K [0x00000000eaa80000, 0x00000000ff980000, 0x0000000100000000)
  eden space 243712K, 100% used [0x00000000eaa80000,0x00000000f9880000,0x00000000f9880000)
  from space 45056K, 53% used [0x00000000fcd80000,0x00000000fe539878,0x00000000ff980000)
  to   space 49664K, 0% used [0x00000000f9880000,0x00000000f9880000,0x00000000fc900000)
 ParOldGen       total 236544K, used 84848K [0x00000000c0000000, 0x00000000ce700000, 0x00000000eaa80000)
  object space 236544K, 35% used [0x00000000c0000000,0x00000000c52dc380,0x00000000ce700000)
 PSPermGen       total 126464K, used 84196K [0x00000000b0000000, 0x00000000b7b80000, 0x00000000c0000000)
  object space 126464K, 66% used [0x00000000b0000000,0x00000000b5239188,0x00000000b7b80000)
Event: 813.084 GC heap after
Heap after GC invocations=21 (full 4):
 PSYoungGen      total 293376K, used 49638K [0x00000000eaa80000, 0x0000000100000000, 0x0000000100000000)
  eden space 243712K, 0% used [0x00000000eaa80000,0x00000000eaa80000,0x00000000f9880000)
  from space 49664K, 99% used [0x00000000f9880000,0x00000000fc8f9b28,0x00000000fc900000)
  to   space 56320K, 0% used [0x00000000fc900000,0x00000000fc900000,0x0000000100000000)
 ParOldGen       total 236544K, used 102962K [0x00000000c0000000, 0x00000000ce700000, 0x00000000eaa80000)
  object space 236544K, 43% used [0x00000000c0000000,0x00000000c648c908,0x00000000ce700000)
 PSPermGen       total 126464K, used 84196K [0x00000000b0000000, 0x00000000b7b80000, 0x00000000c0000000)
  object space 126464K, 66% used [0x00000000b0000000,0x00000000b5239188,0x00000000b7b80000)
}

Deoptimization events (10 events):
Event: 812.949 Thread 0x000000000d711000 Uncommon trap: reason=class_check action=maybe_recompile pc=0x00000000026a2850 method=com.sun.tools.javac.comp.Attr.checkInit(Lcom/sun/tools/javac/tree/JCTree;Lcom/sun/tools/javac/comp/Env;Lcom/sun/tools/javac/code/Symbol$VarSymbol;Z)V @ 73
Event: 812.949 Thread 0x000000000d711000 Uncommon trap: reason=unreached action=reinterpret pc=0x0000000002644fe8 method=com.sun.tools.javac.code.Lint$AugmentVisitor.initSyms()V @ 4
Event: 812.949 Thread 0x000000000d711000 Uncommon trap: reason=bimorphic action=maybe_recompile pc=0x000000000269ecdc method=com.sun.tools.javac.comp.Annotate.enterAnnotation(Lcom/sun/tools/javac/tree/JCTree$JCAnnotation;Lcom/sun/tools/javac/code/Type;Lcom/sun/tools/javac/comp/Env;)Lcom/sun/tools\>&˜g‰@
Event: 812.949 Thread 0x000000000d711000 Uncommon trap: reason=class_check action=maybe_recompile pc=0x00000000026a2850 method=com.sun.tools.javac.comp.Attr.checkInit(Lcom/sun/tools/javac/tree/JCTree;Lcom/sun/tools/javac/comp/Env;Lcom/sun/tools/javac/code/Symbol$VarSymbol;Z)V @ 73
Event: 812.949 Thread 0x000000000d711000 Uncommon trap: reason=bimorphic action=maybe_recompile pc=0x000000000269ecdc method=com.sun.tools.javac.comp.Annotate.enterAnnotation(Lcom/sun/tools/javac/tree/JCTree$JCAnnotation;Lcom/sun/tools/javac/code/Type;Lcom/sun/tools/javac/comp/Env;)Lcom/sun/tools•÷˜=˜g‰@
Event: 812.949 Thread 0x000000000d711000 Uncommon trap: reason=class_check action=maybe_recompile pc=0x00000000026a2850 method=com.sun.tools.javac.comp.Attr.checkInit(Lcom/sun/tools/javac/tree/JCTree;Lcom/sun/tools/javac/comp/Env;Lcom/sun/tools/javac/code/Symbol$VarSymbol;Z)V @ 73
Event: 812.949 Thread 0x000000000d711000 Uncommon trap: reason=bimorphic action=maybe_recompile pc=0x000000000269ecdc method=com.sun.tools.javac.comp.Annotate.enterAnnotation(Lcom/sun/tools/javac/tree/JCTree$JCAnnotation;Lcom/sun/tools/javac/code/Type;Lcom/sun/tools/javac/comp/Env;)Lcom/sun/toolsY6ÙY˜g‰@
Event: 812.949 Thread 0x000000000d711000 Uncommon trap: reason=class_check action=maybe_recompile pc=0x00000000026a2850 method=com.sun.tools.javac.comp.Attr.checkInit(Lcom/sun/tools/javac/tree/JCTree;Lcom/sun/tools/javac/comp/Env;Lcom/sun/tools/javac/code/Symbol$VarSymbol;Z)V @ 73
Event: 812.957 Thread 0x000000000d711000 Uncommon trap: reason=class_check action=maybe_recompile pc=0x000000000286cd48 method=com.sun.tools.javac.comp.Attr.checkEnumInitializer(Lcom/sun/tools/javac/tree/JCTree;Lcom/sun/tools/javac/comp/Env;Lcom/sun/tools/javac/code/Symbol$VarSymbol;)V @ 21
Event: 812.957 Thread 0x000000000d711000 Uncommon trap: reason=class_check action=maybe_recompile pc=0x000000000286cd48 method=com.sun.tools.javac.comp.Attr.checkEnumInitializer(Lcom/sun/tools/javac/tree/JCTree;Lcom/sun/tools/javac/comp/Env;Lcom/sun/tools/javac/code/Symbol$VarSymbol;)V @ 21

Internal exceptions (10 events):
Event: 813.521 Thread 0x000000000d711000 Threw 0x00000000eb533918 at C:\re\jdk7u79\2331\hotspot\src\share\vm\prims\jvm.cpp:1304
Event: 813.522 Thread 0x000000000d711000 Threw 0x00000000eb53f848 at C:\re\jdk7u79\2331\hotspot\src\share\vm\prims\jvm.cpp:1304
Event: 813.523 Thread 0x000000000d711000 Threw 0x00000000eb54d5d8 at C:\re\jdk7u79\2331\hotspot\src\share\vm\prims\jvm.cpp:1304
Event: 813.524 Thread 0x000000000d711000 Threw 0x00000000eb558448 at C:\re\jdk7u79\2331\hotspot\src\share\vm\prims\jvm.cpp:1304
Event: 813.524 Thread 0x000000000d711000 Threw 0x00000000eb560fe8 at C:\re\jdk7u79\2331\hotspot\src\share\vm\prims\jvm.cpp:1304
Event: 813.690 Thread 0x000000000d711000 Threw 0x00000000eb9619c0 at C:\re\jdk7u79\2331\hotspot\src\share\vm\prims\jvm.cpp:1304
Event: 813.692 Thread 0x000000000d711000 Threw 0x00000000eb979260 at C:\re\jdk7u79\2331\hotspot\src\share\vm\prims\jvm.cpp:1304
Event: 813.694 Thread 0x000000000d711000 Threw 0x00000000eb9fb508 at C:\re\jdk7u79\2331\hotspot\src\share\vm\prims\jvm.cpp:1304
Event: 813.697 Thread 0x000000000d711000 Threw 0x00000000eba8e1a8 at C:\re\jdk7u79\2331\hotspot\src\share\vm\prims\jvm.cpp:1304
Event: 813.698 Thread 0x000000000d711000 Threw 0x00000000eba92c30 at C:\re\jdk7u79\2331\hotspot\src\share\vm\prims\jvm.cpp:1304

Events (10 events):
Event: 813.690 loading class 0x000000000da2d410
Event: 813.690 loading class 0x000000000da2d410 done
Event: 813.692 loading class 0x000000000cff2fe0
Event: 813.692 loading class 0x000000000cff2fe0 done
Event: 813.694 loading class 0x000000000da2cb00
Event: 813.694 loading class 0x000000000da2cb00 done
Event: 813.697 loading class 0x000000000cff3910
Event: 813.697 loading class 0x000000000cff3910 done
Event: 813.698 loading class 0x0000000009ecce30
Event: 813.698 loading class 0x0000000009ecce30 done


Dynamic libraries:
0x00007ff7b3610000 - 0x00007ff7b3643000 	C:\Program Files\Java\jdk1.7.0_79\bin\java.exe
0x00007ff9c71f0000 - 0x00007ff9c739d000 	C:\windows\SYSTEM32\ntdll.dll
0x00007ff9c5780000 - 0x00007ff9c58be000 	C:\windows\system32\KERNEL32.DLL
0x00007ff9c44c0000 - 0x00007ff9c45d5000 	C:\windows\system32\KERNELBASE.dll
0x00007ff9c2ee0000 - 0x00007ff9c2f6e000 	C:\windows\system32\apphelp.dll
0x00007ff9bb120000 - 0x00007ff9bb173000 	C:\windows\AppPatch\AppPatch64\AcGenral.DLL
0x00007ff9c7000000 - 0x00007ff9c70aa000 	C:\windows\system32\msvcrt.dll
0x00007ff9c4170000 - 0x00007ff9c419e000 	C:\windows\SYSTEM32\SspiCli.dll
0x00007ff9c5a60000 - 0x00007ff9c5ab4000 	C:\windows\system32\SHLWAPI.dll
0x00007ff9c5270000 - 0x00007ff9c53e7000 	C:\windows\system32\USER32.dll
0x00007ff9c58c0000 - 0x00007ff9c5a54000 	C:\windows\system32\ole32.dll
0x00007ff9c5ad0000 - 0x00007ff9c6ffa000 	C:\windows\system32\SHELL32.dll
0x00007ff9c38e0000 - 0x00007ff9c3901000 	C:\windows\SYSTEM32\USERENV.dll
0x00007ff9c4bc0000 - 0x00007ff9c4c6a000 	C:\windows\system32\ADVAPI32.dll
0x00007ff9bbc70000 - 0x00007ff9bbc8e000 	C:\windows\SYSTEM32\MPR.dll
0x00007ff9c5560000 - 0x00007ff9c56a1000 	C:\windows\system32\RPCRT4.dll
0x00007ff9c56b0000 - 0x00007ff9c5709000 	C:\windows\SYSTEM32\sechost.dll
0x00007ff9c49a0000 - 0x00007ff9c4bb1000 	C:\windows\SYSTEM32\combase.dll
0x00007ff9c53f0000 - 0x00007ff9c5540000 	C:\windows\system32\GDI32.dll
0x00007ff9c4340000 - 0x00007ff9c4355000 	C:\windows\SYSTEM32\profapi.dll
0x00007ff9c2b20000 - 0x00007ff9c2bd2000 	C:\windows\SYSTEM32\SHCORE.dll
0x00007ff9c4fb0000 - 0x00007ff9c4fe6000 	C:\windows\system32\IMM32.DLL
0x00007ff9c4e50000 - 0x00007ff9c4fa2000 	C:\windows\system32\MSCTF.dll
0x00007ff9c17b0000 - 0x00007ff9c1a2b000 	C:\windows\WinSxS\amd64_microsoft.windows.common-controls_6595b64144ccf1df_6.0.9600.18006_none_623f33d3ecbe86e8\COMCTL32.dll
0x0000000067160000 - 0x0000000067232000 	C:\Program Files\Java\jdk1.7.0_79\jre\bin\msvcr100.dll
0x00000000676b0000 - 0x0000000067e85000 	C:\Program Files\Java\jdk1.7.0_79\jre\bin\server\jvm.dll
0x00007ff9c17a0000 - 0x00007ff9c17a9000 	C:\windows\SYSTEM32\WSOCK32.dll
0x00007ff9bc8c0000 - 0x00007ff9bc8e2000 	C:\windows\SYSTEM32\WINMM.dll
0x00007ff9c70b0000 - 0x00007ff9c70b7000 	C:\windows\system32\PSAPI.DLL
0x00007ff9c4940000 - 0x00007ff9c499a000 	C:\windows\system32\WS2_32.dll
0x00007ff9bb670000 - 0x00007ff9bb69a000 	C:\windows\SYSTEM32\WINMMBASE.dll
0x00007ff9c4870000 - 0x00007ff9c4879000 	C:\windows\system32\NSI.dll
0x00007ff9c4470000 - 0x00007ff9c44bf000 	C:\windows\SYSTEM32\cfgmgr32.dll
0x00007ff9c3140000 - 0x00007ff9c3168000 	C:\windows\SYSTEM32\DEVOBJ.dll
0x0000000067ef0000 - 0x0000000067eff000 	C:\Program Files\Java\jdk1.7.0_79\jre\bin\verify.dll
0x00000000675a0000 - 0x00000000675c8000 	C:\Program Files\Java\jdk1.7.0_79\jre\bin\java.dll
0x0000000067580000 - 0x0000000067595000 	C:\Program Files\Java\jdk1.7.0_79\jre\bin\zip.dll
0x0000000067560000 - 0x000000006757a000 	C:\Program Files\Java\jdk1.7.0_79\jre\bin\net.dll
0x00007ff9c3b50000 - 0x00007ff9c3ba9000 	C:\windows\system32\mswsock.dll
0x0000000067540000 - 0x0000000067551000 	C:\Program Files\Java\jdk1.7.0_79\jre\bin\nio.dll
0x00007ff9c3bb0000 - 0x00007ff9c3bd0000 	C:\windows\SYSTEM32\CRYPTSP.dll
0x00007ff9c37d0000 - 0x00007ff9c3806000 	C:\windows\system32\rsaenh.dll
0x00007ff9c3e00000 - 0x00007ff9c3e26000 	C:\windows\SYSTEM32\bcrypt.dll
0x00007ff9c41a0000 - 0x00007ff9c4203000 	C:\windows\system32\bcryptprimitives.dll
0x00007ff9c4210000 - 0x00007ff9c421b000 	C:\windows\SYSTEM32\CRYPTBASE.dll
0x00007ff9c0d80000 - 0x00007ff9c0daa000 	C:\windows\SYSTEM32\IPHLPAPI.DLL
0x00007ff9c0d60000 - 0x00007ff9c0d6a000 	C:\windows\SYSTEM32\WINNSI.DLL
0x00007ff9c09b0000 - 0x00007ff9c09c6000 	C:\windows\SYSTEM32\dhcpcsvc6.DLL
0x00007ff9c0b30000 - 0x00007ff9c0b4a000 	C:\windows\SYSTEM32\dhcpcsvc.DLL
0x00007ff9bb100000 - 0x00007ff9bb112000 	C:\Users\Dell\AppData\Local\Temp\native-platform8328235961016898838dir\native-platform.dll
0x0000000067ee0000 - 0x0000000067eeb000 	C:\Program Files\Java\jdk1.7.0_79\jre\bin\management.dll
0x00007ff9b86c0000 - 0x00007ff9b86d5000 	C:\windows\system32\napinsp.dll
0x00007ff9b86a0000 - 0x00007ff9b86ba000 	C:\windows\system32\pnrpnsp.dll
0x00007ff9c2210000 - 0x00007ff9c222b000 	C:\windows\system32\NLAapi.dll
0x00007ff9c3950000 - 0x00007ff9c39f4000 	C:\windows\SYSTEM32\DNSAPI.dll
0x00007ff9b86e0000 - 0x00007ff9b86ed000 	C:\windows\System32\winrnr.dll
0x00007ff9b8680000 - 0x00007ff9b8694000 	C:\windows\system32\wshbth.dll
0x00007ff9b9790000 - 0x00007ff9b979a000 	C:\Windows\System32\rasadhlp.dll
0x00007ff9c0b60000 - 0x00007ff9c0bcb000 	C:\windows\System32\fwpuclnt.dll
0x0000000067280000 - 0x00000000672a4000 	C:\Program Files\Java\jdk1.7.0_79\jre\bin\sunec.dll
0x0000000067270000 - 0x000000006727b000 	C:\Program Files\Java\jdk1.7.0_79\jre\bin\sunmscapi.dll
0x00007ff9c45e0000 - 0x00007ff9c47bf000 	C:\windows\system32\CRYPT32.dll
0x00007ff9c43f0000 - 0x00007ff9c4401000 	C:\windows\system32\MSASN1.dll
0x00007ff9b29e0000 - 0x00007ff9b2b69000 	C:\windows\SYSTEM32\dbghelp.dll

VM Arguments:
jvm_args: -XX:MaxPermSize=256m -XX:+HeapDumpOnOutOfMemoryError -Xmx1024m -Dfile.encoding=windows-1252 -Duser.country=US -Duser.language=en -Duser.variant 
java_command: org.gradle.launcher.daemon.bootstrap.GradleDaemon 2.2.1 C:\Users\Dell\.gradle\daemon 10800000 11dfd5bc-cae9-489f-90cd-b5ff564a3869 -XX:MaxPermSize=256m -XX:+HeapDumpOnOutOfMemoryError -Xmx1024m -Dfile.encoding=windows-1252 -Duser.country=US -Duser.language=en -Duser.variant
Launcher Type: SUN_STANDARD

Environment Variables:
JAVA_HOME=C:\Program Files\Java\jdk1.7.0_79
PATH=C:\ProgramData\Oracle\Java\javapath;c:\Program Files (x86)\Intel\iCLS Client\;c:\Program Files\Intel\iCLS Client\;C:\windows\system32;C:\windows;C:\windows\System32\Wbem;C:\windows\System32\WindowsPowerShell\v1.0\;C:\Program Files\Intel\Intel(R) Management Engine Components\DAL;C:\Program Files\Intel\Intel(R) Management Engine Components\IPT;C:\Program Files (x86)\Intel\Intel(R) Management Engine Components\DAL;C:\Program Files (x86)\Intel\Intel(R) Management Engine Components\IPT;C:\Program Files (x86)\Windows Live\Shared;C:\Program Files (x86)\nodejs\;C:\wamp\bin\php\php5.5.12;C:\ProgramData\ComposerSetup\bin;C:\Users\Dell\AppData\Roaming\npm;C:\Users\Dell\AppData\Local\Programs\Git\cmd
USERNAME=Dell
OS=Windows_NT
PROCESSOR_IDENTIFIER=Intel64 Family 6 Model 61 Stepping 4, GenuineIntel



---------------  S Y S T E M  ---------------

OS: Windows 8.1 , 64 bit Build 9600 

CPU:total 4 (2 cores per cpu, 2 threads per core) family 6 model 61 stepping 4, cmov, cx8, fxsr, mmx, sse, sse2, sse3, ssse3, sse4.1, sse4.2, popcnt, avx, avx2, aes, erms, ht, tsc, tscinvbit

Memory: 4k page, physical 8301008k(4924436k free), swap 11446736k(7235596k free)

vm_info: Java HotSpot(TM) 64-Bit Server VM (24.79-b02) for windows-amd64 JRE (1.7.0_79-b15), built on Apr 10 2015 12:36:16 by "java_re" with unknown MS VC++:1600

time: Tue Mar 22 22:12:07 2016
elapsed time: 813 seconds

